<?xml version="1.0" encoding="UTF-8"?>
<testng-results ignored="0" total="6" passed="6" failed="0" skipped="0">
  <reporter-output>
  </reporter-output>
  <suite started-at="2022-10-20T00:15:27 EDT" name="Free CRM Application Automation Test Suite" finished-at="2022-10-20T00:16:23 EDT" duration-ms="55137">
    <groups>
    </groups>
    <test started-at="2022-10-20T00:15:27 EDT" name="Free CRM Application Test Cases" finished-at="2022-10-20T00:16:23 EDT" duration-ms="55137">
      <class name="com.freecrm.qa.testcases.HomePageCrmLinkTest">
        <test-method is-config="true" signature="setUp()[pri:0, instance:com.freecrm.qa.testcases.HomePageCrmLinkTest@51e69659]" started-at="2022-10-20T00:15:46 EDT" name="setUp" finished-at="2022-10-20T00:15:53 EDT" duration-ms="6786" status="PASS">
          <reporter-output>
          </reporter-output>
        </test-method> <!-- setUp -->
        <test-method signature="homePageTitleTest()[pri:1, instance:com.freecrm.qa.testcases.HomePageCrmLinkTest@51e69659]" started-at="2022-10-20T00:15:53 EDT" name="homePageTitleTest" finished-at="2022-10-20T00:15:53 EDT" duration-ms="13" status="PASS">
          <reporter-output>
          </reporter-output>
        </test-method> <!-- homePageTitleTest -->
        <test-method is-config="true" signature="tearDown()[pri:0, instance:com.freecrm.qa.testcases.HomePageCrmLinkTest@51e69659]" started-at="2022-10-20T00:15:53 EDT" name="tearDown" finished-at="2022-10-20T00:15:55 EDT" duration-ms="1592" status="PASS">
          <reporter-output>
          </reporter-output>
        </test-method> <!-- tearDown -->
        <test-method is-config="true" signature="setUp()[pri:0, instance:com.freecrm.qa.testcases.HomePageCrmLinkTest@51e69659]" started-at="2022-10-20T00:15:55 EDT" name="setUp" finished-at="2022-10-20T00:16:02 EDT" duration-ms="6826" status="PASS">
          <reporter-output>
          </reporter-output>
        </test-method> <!-- setUp -->
        <test-method signature="verifyUserNameIsDisplayedTest()[pri:2, instance:com.freecrm.qa.testcases.HomePageCrmLinkTest@51e69659]" started-at="2022-10-20T00:16:02 EDT" name="verifyUserNameIsDisplayedTest" finished-at="2022-10-20T00:16:02 EDT" duration-ms="539" status="PASS">
          <reporter-output>
          </reporter-output>
        </test-method> <!-- verifyUserNameIsDisplayedTest -->
        <test-method is-config="true" signature="tearDown()[pri:0, instance:com.freecrm.qa.testcases.HomePageCrmLinkTest@51e69659]" started-at="2022-10-20T00:16:02 EDT" name="tearDown" finished-at="2022-10-20T00:16:04 EDT" duration-ms="1565" status="PASS">
          <reporter-output>
          </reporter-output>
        </test-method> <!-- tearDown -->
        <test-method is-config="true" signature="setUp()[pri:0, instance:com.freecrm.qa.testcases.HomePageCrmLinkTest@51e69659]" started-at="2022-10-20T00:16:04 EDT" name="setUp" finished-at="2022-10-20T00:16:10 EDT" duration-ms="6493" status="PASS">
          <reporter-output>
          </reporter-output>
        </test-method> <!-- setUp -->
        <test-method signature="verifyContactsLinkTest()[pri:3, instance:com.freecrm.qa.testcases.HomePageCrmLinkTest@51e69659]" started-at="2022-10-20T00:16:10 EDT" name="verifyContactsLinkTest" finished-at="2022-10-20T00:16:11 EDT" duration-ms="1055" status="PASS">
          <reporter-output>
          </reporter-output>
        </test-method> <!-- verifyContactsLinkTest -->
        <test-method is-config="true" signature="tearDown()[pri:0, instance:com.freecrm.qa.testcases.HomePageCrmLinkTest@51e69659]" started-at="2022-10-20T00:16:11 EDT" name="tearDown" finished-at="2022-10-20T00:16:13 EDT" duration-ms="1490" status="PASS">
          <reporter-output>
          </reporter-output>
        </test-method> <!-- tearDown -->
      </class> <!-- com.freecrm.qa.testcases.HomePageCrmLinkTest -->
      <class name="com.freecrm.qa.testcases.LoginToCrmAppTest">
        <test-method is-config="true" signature="setUp()[pri:0, instance:com.freecrm.qa.testcases.LoginToCrmAppTest@58695725]" started-at="2022-10-20T00:15:27 EDT" name="setUp" finished-at="2022-10-20T00:15:35 EDT" duration-ms="7894" status="PASS">
          <reporter-output>
          </reporter-output>
        </test-method> <!-- setUp -->
        <test-method signature="loginPageTitleTest()[pri:1, instance:com.freecrm.qa.testcases.LoginToCrmAppTest@58695725]" started-at="2022-10-20T00:15:35 EDT" name="loginPageTitleTest" finished-at="2022-10-20T00:15:35 EDT" duration-ms="10" status="PASS">
          <reporter-output>
          </reporter-output>
        </test-method> <!-- loginPageTitleTest -->
        <test-method is-config="true" signature="tearDown()[pri:0, instance:com.freecrm.qa.testcases.LoginToCrmAppTest@58695725]" started-at="2022-10-20T00:15:35 EDT" name="tearDown" finished-at="2022-10-20T00:15:37 EDT" duration-ms="1979" status="PASS">
          <reporter-output>
          </reporter-output>
        </test-method> <!-- tearDown -->
        <test-method is-config="true" signature="setUp()[pri:0, instance:com.freecrm.qa.testcases.LoginToCrmAppTest@58695725]" started-at="2022-10-20T00:15:37 EDT" name="setUp" finished-at="2022-10-20T00:15:44 EDT" duration-ms="6589" status="PASS">
          <reporter-output>
          </reporter-output>
        </test-method> <!-- setUp -->
        <test-method signature="loginToAppTest()[pri:2, instance:com.freecrm.qa.testcases.LoginToCrmAppTest@58695725]" started-at="2022-10-20T00:15:44 EDT" name="loginToAppTest" finished-at="2022-10-20T00:15:44 EDT" duration-ms="500" status="PASS">
          <reporter-output>
          </reporter-output>
        </test-method> <!-- loginToAppTest -->
        <test-method is-config="true" signature="tearDown()[pri:0, instance:com.freecrm.qa.testcases.LoginToCrmAppTest@58695725]" started-at="2022-10-20T00:15:44 EDT" name="tearDown" finished-at="2022-10-20T00:15:46 EDT" duration-ms="1945" status="PASS">
          <reporter-output>
          </reporter-output>
        </test-method> <!-- tearDown -->
      </class> <!-- com.freecrm.qa.testcases.LoginToCrmAppTest -->
      <class name="com.freecrm.qa.testcases.ContactsPageCrmAppTest">
        <test-method is-config="true" signature="setUp()[pri:0, instance:com.freecrm.qa.testcases.ContactsPageCrmAppTest@47e2e487]" started-at="2022-10-20T00:16:13 EDT" name="setUp" finished-at="2022-10-20T00:16:21 EDT" duration-ms="8139" status="PASS">
          <reporter-output>
          </reporter-output>
        </test-method> <!-- setUp -->
        <test-method signature="verifyContactsPageLabelTest()[pri:1, instance:com.freecrm.qa.testcases.ContactsPageCrmAppTest@47e2e487]" started-at="2022-10-20T00:16:21 EDT" name="verifyContactsPageLabelTest" finished-at="2022-10-20T00:16:21 EDT" duration-ms="32" status="PASS">
          <reporter-output>
          </reporter-output>
        </test-method> <!-- verifyContactsPageLabelTest -->
        <test-method is-config="true" signature="tearDown()[pri:0, instance:com.freecrm.qa.testcases.ContactsPageCrmAppTest@47e2e487]" started-at="2022-10-20T00:16:21 EDT" name="tearDown" finished-at="2022-10-20T00:16:23 EDT" duration-ms="1642" status="PASS">
          <reporter-output>
          </reporter-output>
        </test-method> <!-- tearDown -->
      </class> <!-- com.freecrm.qa.testcases.ContactsPageCrmAppTest -->
    </test> <!-- Free CRM Application Test Cases -->
  </suite> <!-- Free CRM Application Automation Test Suite -->
</testng-results>
