<?xml version="1.0" encoding="UTF-8"?>
<!-- Generated by org.testng.reporters.JUnitXMLReporter -->
<testsuite ignored="0" hostname="LAPTOP-DBMG8J89" failures="0" tests="6" name="Free CRM Application Test Cases" time="55.137" errors="0" timestamp="2022-10-20T00:16:23 EDT">
  <testcase classname="com.freecrm.qa.testcases.LoginToCrmAppTest" name="loginPageTitleTest" time="0.01"/>
  <testcase classname="com.freecrm.qa.testcases.LoginToCrmAppTest" name="loginToAppTest" time="0.5"/>
  <testcase classname="com.freecrm.qa.testcases.HomePageCrmLinkTest" name="homePageTitleTest" time="0.013"/>
  <testcase classname="com.freecrm.qa.testcases.HomePageCrmLinkTest" name="verifyUserNameIsDisplayedTest" time="0.539"/>
  <testcase classname="com.freecrm.qa.testcases.HomePageCrmLinkTest" name="verifyContactsLinkTest" time="1.055"/>
  <testcase classname="com.freecrm.qa.testcases.ContactsPageCrmAppTest" name="verifyContactsPageLabelTest" time="0.032"/>
</testsuite> <!-- Free CRM Application Test Cases -->
